Determining if the pthread_create exist failed with the following output:
Change Dir: /home/jester/ClionProjects/cgcv/CMakeFiles/CMakeTmp

Run Build Command:"/usr/bin/make" "cmTryCompileExec300117868/fast"
/usr/bin/make -f CMakeFiles/cmTryCompileExec300117868.dir/build.make CMakeFiles/cmTryCompileExec300117868.dir/build
make[1]: Entering directory `/home/jester/ClionProjects/cgcv/CMakeFiles/CMakeTmp'
/usr/bin/cmake -E cmake_progress_report /home/jester/ClionProjects/cgcv/CMakeFiles/CMakeTmp/CMakeFiles 1
Building C object CMakeFiles/cmTryCompileExec300117868.dir/CheckSymbolExists.c.o
/usr/bin/cc    -o CMakeFiles/cmTryCompileExec300117868.dir/CheckSymbolExists.c.o   -c /home/jester/ClionProjects/cgcv/CMakeFiles/CMakeTmp/CheckSymbolExists.c
Linking C executable cmTryCompileExec300117868
/usr/bin/cmake -E cmake_link_script CMakeFiles/cmTryCompileExec300117868.dir/link.txt --verbose=1
/usr/bin/cc       CMakeFiles/cmTryCompileExec300117868.dir/CheckSymbolExists.c.o  -o cmTryCompileExec300117868 -rdynamic 
CMakeFiles/cmTryCompileExec300117868.dir/CheckSymbolExists.c.o: In function `main':
CheckSymbolExists.c:(.text+0x16): undefined reference to `pthread_create'
collect2: error: ld returned 1 exit status
make[1]: Leaving directory `/home/jester/ClionProjects/cgcv/CMakeFiles/CMakeTmp'
make[1]: *** [cmTryCompileExec300117868] Error 1
make: *** [cmTryCompileExec300117868/fast] Error 2

File /home/jester/ClionProjects/cgcv/CMakeFiles/CMakeTmp/CheckSymbolExists.c:
/* */
#include <pthread.h>

int main(int argc, char** argv)
{
  (void)argv;
#ifndef pthread_create
  return ((int*)(&pthread_create))[argc];
#else
  (void)argc;
  return 0;
#endif
}

Determining if the function pthread_create exists in the pthreads failed with the following output:
Change Dir: /home/jester/ClionProjects/cgcv/CMakeFiles/CMakeTmp

Run Build Command:"/usr/bin/make" "cmTryCompileExec740201195/fast"
/usr/bin/make -f CMakeFiles/cmTryCompileExec740201195.dir/build.make CMakeFiles/cmTryCompileExec740201195.dir/build
make[1]: Entering directory `/home/jester/ClionProjects/cgcv/CMakeFiles/CMakeTmp'
/usr/bin/cmake -E cmake_progress_report /home/jester/ClionProjects/cgcv/CMakeFiles/CMakeTmp/CMakeFiles 1
Building C object CMakeFiles/cmTryCompileExec740201195.dir/CheckFunctionExists.c.o
/usr/bin/cc   -DCHECK_FUNCTION_EXISTS=pthread_create   -o CMakeFiles/cmTryCompileExec740201195.dir/CheckFunctionExists.c.o   -c /usr/share/cmake-3.2/Modules/CheckFunctionExists.c
Linking C executable cmTryCompileExec740201195
/usr/bin/cmake -E cmake_link_script CMakeFiles/cmTryCompileExec740201195.dir/link.txt --verbose=1
/usr/bin/cc   -DCHECK_FUNCTION_EXISTS=pthread_create    CMakeFiles/cmTryCompileExec740201195.dir/CheckFunctionExists.c.o  -o cmTryCompileExec740201195 -rdynamic -lpthreads 
/usr/bin/ld: cannot find -lpthreads
collect2: error: ld returned 1 exit status
make[1]: Leaving directory `/home/jester/ClionProjects/cgcv/CMakeFiles/CMakeTmp'
make[1]: *** [cmTryCompileExec740201195] Error 1
make: *** [cmTryCompileExec740201195/fast] Error 2


Determining if the function glXGetProcAddressEXT exists failed with the following output:
Change Dir: /home/jester/ClionProjects/cgcv/CMakeFiles/CMakeTmp

Run Build Command:"/usr/bin/make" "cmTryCompileExec2622349001/fast"
/usr/bin/make -f CMakeFiles/cmTryCompileExec2622349001.dir/build.make CMakeFiles/cmTryCompileExec2622349001.dir/build
make[1]: Entering directory `/home/jester/ClionProjects/cgcv/CMakeFiles/CMakeTmp'
/usr/bin/cmake -E cmake_progress_report /home/jester/ClionProjects/cgcv/CMakeFiles/CMakeTmp/CMakeFiles 1
Building C object CMakeFiles/cmTryCompileExec2622349001.dir/CheckFunctionExists.c.o
/usr/bin/cc   -DCHECK_FUNCTION_EXISTS=glXGetProcAddressEXT   -o CMakeFiles/cmTryCompileExec2622349001.dir/CheckFunctionExists.c.o   -c /usr/share/cmake-3.2/Modules/CheckFunctionExists.c
Linking C executable cmTryCompileExec2622349001
/usr/bin/cmake -E cmake_link_script CMakeFiles/cmTryCompileExec2622349001.dir/link.txt --verbose=1
/usr/bin/cc   -DCHECK_FUNCTION_EXISTS=glXGetProcAddressEXT    CMakeFiles/cmTryCompileExec2622349001.dir/CheckFunctionExists.c.o  -o cmTryCompileExec2622349001 -rdynamic -lGL 
CMakeFiles/cmTryCompileExec2622349001.dir/CheckFunctionExists.c.o: In function `main':
CheckFunctionExists.c:(.text+0x15): undefined reference to `glXGetProcAddressEXT'
collect2: error: ld returned 1 exit status
make[1]: *** [cmTryCompileExec2622349001] Error 1
make[1]: Leaving directory `/home/jester/ClionProjects/cgcv/CMakeFiles/CMakeTmp'
make: *** [cmTryCompileExec2622349001/fast] Error 2


